#
# There is insufficient memory for the Java Runtime Environment to continue.
# Native memory allocation (malloc) failed to allocate 91536 bytes for Chunk::new
# Possible reasons:
#   The system is out of physical RAM or swap space
#   In 32 bit mode, the process size limit was hit
# Possible solutions:
#   Reduce memory load on the system
#   Increase physical memory or swap space
#   Check if swap backing store is full
#   Use 64 bit Java on a 64 bit OS
#   Decrease Java heap size (-Xmx/-Xms)
#   Decrease number of Java threads
#   Decrease Java thread stack sizes (-Xss)
#   Set larger code cache with -XX:ReservedCodeCacheSize=
# This output file may be truncated or incomplete.
#
#  Out of Memory Error (allocation.cpp:390), pid=22680, tid=0x0000000000000c0c
#
# JRE version: Java(TM) SE Runtime Environment (8.0_181-b13) (build 1.8.0_181-b13)
# Java VM: Java HotSpot(TM) 64-Bit Server VM (25.181-b13 mixed mode windows-amd64 compressed oops)
# Failed to write core dump. Minidumps are not enabled by default on client versions of Windows
#

---------------  T H R E A D  ---------------

Current thread (0x0000000020cb6800):  JavaThread "C2 CompilerThread0" daemon [_thread_in_native, id=3084, stack(0x0000000021570000,0x0000000021670000)]

Stack: [0x0000000021570000,0x0000000021670000]
[error occurred during error reporting (printing stack bounds), id 0xc0000005]

Native frames: (J=compiled Java code, j=interpreted, Vv=VM code, C=native code)


Current CompileTask:
C2:1340101 5896       4       java.lang.StringBuilder::append (8 bytes)


---------------  P R O C E S S  ---------------

Java Threads: ( => current thread )
  0x0000000022766800 JavaThread "Okio Watchdog" daemon [_thread_blocked, id=22604, stack(0x0000000025c50000,0x0000000025d50000)]
  0x000000002270f000 JavaThread "OkHttp ConnectionPool" daemon [_thread_blocked, id=19264, stack(0x0000000025b50000,0x0000000025c50000)]
  0x000000002267c000 JavaThread "ReaderThread" [_thread_in_native, id=24292, stack(0x0000000023780000,0x0000000023880000)]
  0x0000000020d42000 JavaThread "Service Thread" daemon [_thread_blocked, id=9780, stack(0x0000000021970000,0x0000000021a70000)]
  0x0000000020cc4000 JavaThread "C1 CompilerThread3" daemon [_thread_blocked, id=15804, stack(0x0000000021870000,0x0000000021970000)]
  0x0000000020cbf800 JavaThread "C2 CompilerThread2" daemon [_thread_blocked, id=7920, stack(0x0000000021770000,0x0000000021870000)]
  0x0000000020cba000 JavaThread "C2 CompilerThread1" daemon [_thread_blocked, id=18040, stack(0x0000000021670000,0x0000000021770000)]
=>0x0000000020cb6800 JavaThread "C2 CompilerThread0" daemon [_thread_in_native, id=3084, stack(0x0000000021570000,0x0000000021670000)]
  0x0000000020cb3000 JavaThread "Attach Listener" daemon [_thread_blocked, id=4120, stack(0x0000000021470000,0x0000000021570000)]
  0x0000000020cb2800 JavaThread "Signal Dispatcher" daemon [_thread_blocked, id=20016, stack(0x0000000021370000,0x0000000021470000)]
  0x000000001eda6000 JavaThread "Finalizer" daemon [_thread_blocked, id=6416, stack(0x0000000021080000,0x0000000021180000)]
  0x000000001ed9d000 JavaThread "Reference Handler" daemon [_thread_blocked, id=10344, stack(0x0000000020b80000,0x0000000020c80000)]
  0x0000000005188800 JavaThread "main" [_thread_in_Java, id=13512, stack(0x0000000005000000,0x0000000005100000)]

Other Threads:
  0x000000001ed96800 VMThread [stack: 0x0000000020a80000,0x0000000020b80000] [id=23888]
  0x0000000020de7800 WatcherThread [stack: 0x0000000021a70000,0x0000000021b70000] [id=2380]

VM state:not at safepoint (normal execution)

VM Mutex/Monitor currently owned by a thread: None

Heap:
 PSYoungGen      total 59904K, used 40383K [0x000000076b380000, 0x000000076fb80000, 0x00000007c0000000)
  eden space 47104K, 74% used [0x000000076b380000,0x000000076d590850,0x000000076e180000)
  from space 12800K, 42% used [0x000000076ee80000,0x000000076f3df570,0x000000076fb00000)
  to   space 13312K, 0% used [0x000000076e180000,0x000000076e180000,0x000000076ee80000)
 ParOldGen       total 75264K, used 20407K [0x00000006c1a00000, 0x00000006c6380000, 0x000000076b380000)
  object space 75264K, 27% used [0x00000006c1a00000,0x00000006c2deddc8,0x00000006c6380000)
 Metaspace       used 32407K, capacity 33486K, committed 33664K, reserved 1079296K
  class space    used 4121K, capacity 4375K, committed 4480K, reserved 1048576K

Card table byte_map: [0x0000000014730000,0x0000000014f30000] byte_map_base: 0x0000000011123000

Marking Bits: (ParMarkBitMap*) 0x00000000515b2d00
 Begin Bits: [0x0000000015c80000, 0x0000000019c18000)
 End Bits:   [0x0000000019c18000, 0x000000001dbb0000)

Polling page: 0x0000000003110000

CodeCache: size=245760Kb used=18181Kb max_used=18181Kb free=227578Kb
 bounds [0x0000000005370000, 0x0000000006550000, 0x0000000014370000]
 total_blobs=5338 nmethods=4857 adapters=392
 compilation: enabled

Compilation events (10 events):
Event: 755.087 Thread 0x0000000020cc4000 nmethod 5893 0x00000000064e8e50 code [0x00000000064e90a0, 0x00000000064ea0c8]
Event: 1339.734 Thread 0x0000000020cc4000 5894       1       java.lang.StackTraceElement::getClassName (5 bytes)
Event: 1339.810 Thread 0x0000000020cc4000 nmethod 5894 0x0000000005ea5390 code [0x0000000005ea54e0, 0x0000000005ea55f0]
Event: 1339.833 Thread 0x0000000020cc4000 5895       3       java.io.PrintWriter::ensureOpen (18 bytes)
Event: 1339.835 Thread 0x0000000020cb6800 5896       4       java.lang.StringBuilder::append (8 bytes)
Event: 1339.835 Thread 0x0000000020cc4000 nmethod 5895 0x0000000005cd5750 code [0x0000000005cd58c0, 0x0000000005cd5b08]
Event: 1339.835 Thread 0x0000000020cc4000 5897       3       java.lang.Integer::getChars (131 bytes)
Event: 1339.839 Thread 0x0000000020cc4000 nmethod 5897 0x0000000005c3f9d0 code [0x0000000005c3fb60, 0x0000000005c3ffd0]
Event: 1339.839 Thread 0x0000000020cc4000 5898       3       java.lang.AbstractStringBuilder::append (62 bytes)
Event: 1339.847 Thread 0x0000000020cc4000 nmethod 5898 0x00000000064e7e10 code [0x00000000064e8000, 0x00000000064e8938]

GC Heap History (10 events):
Event: 623.437 GC heap before
{Heap before GC invocations=19 (full 1):
 PSYoungGen      total 61440K, used 60966K [0x000000076b380000, 0x000000076fc80000, 0x00000007c0000000)
  eden space 51200K, 100% used [0x000000076b380000,0x000000076e580000,0x000000076e580000)
  from space 10240K, 95% used [0x000000076e680000,0x000000076f009920,0x000000076f080000)
  to   space 11776K, 0% used [0x000000076f100000,0x000000076f100000,0x000000076fc80000)
 ParOldGen       total 75264K, used 16196K [0x00000006c1a00000, 0x00000006c6380000, 0x000000076b380000)
  object space 75264K, 21% used [0x00000006c1a00000,0x00000006c29d1090,0x00000006c6380000)
 Metaspace       used 32202K, capacity 33224K, committed 33408K, reserved 1079296K
  class space    used 4105K, capacity 4354K, committed 4480K, reserved 1048576K
Event: 623.442 GC heap after
Heap after GC invocations=19 (full 1):
 PSYoungGen      total 61952K, used 11212K [0x000000076b380000, 0x000000076fc80000, 0x00000007c0000000)
  eden space 50176K, 0% used [0x000000076b380000,0x000000076b380000,0x000000076e480000)
  from space 11776K, 95% used [0x000000076f100000,0x000000076fbf3188,0x000000076fc80000)
  to   space 12288K, 0% used [0x000000076e480000,0x000000076e480000,0x000000076f080000)
 ParOldGen       total 75264K, used 16204K [0x00000006c1a00000, 0x00000006c6380000, 0x000000076b380000)
  object space 75264K, 21% used [0x00000006c1a00000,0x00000006c29d3090,0x00000006c6380000)
 Metaspace       used 32202K, capacity 33224K, committed 33408K, reserved 1079296K
  class space    used 4105K, capacity 4354K, committed 4480K, reserved 1048576K
}
Event: 657.942 GC heap before
{Heap before GC invocations=20 (full 1):
 PSYoungGen      total 61952K, used 61388K [0x000000076b380000, 0x000000076fc80000, 0x00000007c0000000)
  eden space 50176K, 100% used [0x000000076b380000,0x000000076e480000,0x000000076e480000)
  from space 11776K, 95% used [0x000000076f100000,0x000000076fbf3188,0x000000076fc80000)
  to   space 12288K, 0% used [0x000000076e480000,0x000000076e480000,0x000000076f080000)
 ParOldGen       total 75264K, used 16204K [0x00000006c1a00000, 0x00000006c6380000, 0x000000076b380000)
  object space 75264K, 21% used [0x00000006c1a00000,0x00000006c29d3090,0x00000006c6380000)
 Metaspace       used 32220K, capacity 33224K, committed 33408K, reserved 1079296K
  class space    used 4105K, capacity 4354K, committed 4480K, reserved 1048576K
Event: 657.948 GC heap after
Heap after GC invocations=20 (full 1):
 PSYoungGen      total 61440K, used 11861K [0x000000076b380000, 0x000000076fc80000, 0x00000007c0000000)
  eden space 49152K, 0% used [0x000000076b380000,0x000000076b380000,0x000000076e380000)
  from space 12288K, 96% used [0x000000076e480000,0x000000076f0156c8,0x000000076f080000)
  to   space 12288K, 0% used [0x000000076f080000,0x000000076f080000,0x000000076fc80000)
 ParOldGen       total 75264K, used 16212K [0x00000006c1a00000, 0x00000006c6380000, 0x000000076b380000)
  object space 75264K, 21% used [0x00000006c1a00000,0x00000006c29d5090,0x00000006c6380000)
 Metaspace       used 32220K, capacity 33224K, committed 33408K, reserved 1079296K
  class space    used 4105K, capacity 4354K, committed 4480K, reserved 1048576K
}
Event: 681.086 GC heap before
{Heap before GC invocations=21 (full 1):
 PSYoungGen      total 61440K, used 61013K [0x000000076b380000, 0x000000076fc80000, 0x00000007c0000000)
  eden space 49152K, 100% used [0x000000076b380000,0x000000076e380000,0x000000076e380000)
  from space 12288K, 96% used [0x000000076e480000,0x000000076f0156c8,0x000000076f080000)
  to   space 12288K, 0% used [0x000000076f080000,0x000000076f080000,0x000000076fc80000)
 ParOldGen       total 75264K, used 16212K [0x00000006c1a00000, 0x00000006c6380000, 0x000000076b380000)
  object space 75264K, 21% used [0x00000006c1a00000,0x00000006c29d5090,0x00000006c6380000)
 Metaspace       used 32222K, capacity 33224K, committed 33408K, reserved 1079296K
  class space    used 4105K, capacity 4354K, committed 4480K, reserved 1048576K
Event: 681.092 GC heap after
Heap after GC invocations=21 (full 1):
 PSYoungGen      total 59392K, used 10901K [0x000000076b380000, 0x000000076fb80000, 0x00000007c0000000)
  eden space 48128K, 0% used [0x000000076b380000,0x000000076b380000,0x000000076e280000)
  from space 11264K, 96% used [0x000000076f080000,0x000000076fb25460,0x000000076fb80000)
  to   space 12800K, 0% used [0x000000076e280000,0x000000076e280000,0x000000076ef00000)
 ParOldGen       total 75264K, used 18125K [0x00000006c1a00000, 0x00000006c6380000, 0x000000076b380000)
  object space 75264K, 24% used [0x00000006c1a00000,0x00000006c2bb37d8,0x00000006c6380000)
 Metaspace       used 32222K, capacity 33224K, committed 33408K, reserved 1079296K
  class space    used 4105K, capacity 4354K, committed 4480K, reserved 1048576K
}
Event: 712.917 GC heap before
{Heap before GC invocations=22 (full 1):
 PSYoungGen      total 59392K, used 59029K [0x000000076b380000, 0x000000076fb80000, 0x00000007c0000000)
  eden space 48128K, 100% used [0x000000076b380000,0x000000076e280000,0x000000076e280000)
  from space 11264K, 96% used [0x000000076f080000,0x000000076fb25460,0x000000076fb80000)
  to   space 12800K, 0% used [0x000000076e280000,0x000000076e280000,0x000000076ef00000)
 ParOldGen       total 75264K, used 18125K [0x00000006c1a00000, 0x00000006c6380000, 0x000000076b380000)
  object space 75264K, 24% used [0x00000006c1a00000,0x00000006c2bb37d8,0x00000006c6380000)
 Metaspace       used 32233K, capacity 33228K, committed 33408K, reserved 1079296K
  class space    used 4105K, capacity 4354K, committed 4480K, reserved 1048576K
Event: 712.923 GC heap after
Heap after GC invocations=22 (full 1):
 PSYoungGen      total 57344K, used 9566K [0x000000076b380000, 0x000000076fb00000, 0x00000007c0000000)
  eden space 47616K, 0% used [0x000000076b380000,0x000000076b380000,0x000000076e200000)
  from space 9728K, 98% used [0x000000076e280000,0x000000076ebd7b18,0x000000076ec00000)
  to   space 12800K, 0% used [0x000000076ee80000,0x000000076ee80000,0x000000076fb00000)
 ParOldGen       total 75264K, used 19306K [0x00000006c1a00000, 0x00000006c6380000, 0x000000076b380000)
  object space 75264K, 25% used [0x00000006c1a00000,0x00000006c2cdaac0,0x00000006c6380000)
 Metaspace       used 32233K, capacity 33228K, committed 33408K, reserved 1079296K
  class space    used 4105K, capacity 4354K, committed 4480K, reserved 1048576K
}
Event: 744.416 GC heap before
{Heap before GC invocations=23 (full 1):
 PSYoungGen      total 57344K, used 57182K [0x000000076b380000, 0x000000076fb00000, 0x00000007c0000000)
  eden space 47616K, 100% used [0x000000076b380000,0x000000076e200000,0x000000076e200000)
  from space 9728K, 98% used [0x000000076e280000,0x000000076ebd7b18,0x000000076ec00000)
  to   space 12800K, 0% used [0x000000076ee80000,0x000000076ee80000,0x000000076fb00000)
 ParOldGen       total 75264K, used 19306K [0x00000006c1a00000, 0x00000006c6380000, 0x000000076b380000)
  object space 75264K, 25% used [0x00000006c1a00000,0x00000006c2cdaac0,0x00000006c6380000)
 Metaspace       used 32371K, capacity 33422K, committed 33664K, reserved 1079296K
  class space    used 4116K, capacity 4375K, committed 4480K, reserved 1048576K
Event: 744.420 GC heap after
Heap after GC invocations=23 (full 1):
 PSYoungGen      total 59904K, used 5501K [0x000000076b380000, 0x000000076fb80000, 0x00000007c0000000)
  eden space 47104K, 0% used [0x000000076b380000,0x000000076b380000,0x000000076e180000)
  from space 12800K, 42% used [0x000000076ee80000,0x000000076f3df570,0x000000076fb00000)
  to   space 13312K, 0% used [0x000000076e180000,0x000000076e180000,0x000000076ee80000)
 ParOldGen       total 75264K, used 20407K [0x00000006c1a00000, 0x00000006c6380000, 0x000000076b380000)
  object space 75264K, 27% used [0x00000006c1a00000,0x00000006c2deddc8,0x00000006c6380000)
 Metaspace       used 32371K, capacity 33422K, committed 33664K, reserved 1079296K
  class space    used 4116K, capacity 4375K, committed 4480K, reserved 1048576K
}

Deoptimization events (10 events):
Event: 288.438 Thread 0x0000000005188800 Uncommon trap: reason=unstable_if action=reinterpret pc=0x0000000006169c64 method=java.util.stream.ReferencePipeline.forEachWithCancel(Ljava/util/Spliterator;Ljava/util/stream/Sink;)V @ 16
Event: 299.820 Thread 0x0000000005188800 Uncommon trap: reason=class_check action=maybe_recompile pc=0x00000000057fc2ac method=org.apache.xmlbeans.impl.store.CharUtil.isValid(Ljava/lang/Object;II)Z @ 61
Event: 596.099 Thread 0x0000000005188800 Uncommon trap: reason=class_check action=maybe_recompile pc=0x00000000054fa754 method=org.apache.xmlbeans.impl.store.CharUtil.isValid(Ljava/lang/Object;II)Z @ 61
Event: 694.238 Thread 0x0000000005188800 Uncommon trap: reason=predicate action=maybe_recompile pc=0x00000000054c1e18 method=com.google.common.collect.RegularImmutableMap.fromEntryArray(I[Ljava/util/Map$Entry;)Lcom/google/common/collect/ImmutableMap; @ 62
Event: 707.577 Thread 0x0000000005188800 Uncommon trap: reason=array_check action=maybe_recompile pc=0x00000000064b5f34 method=com.google.common.collect.RegularImmutableMap.fromEntryArray(I[Ljava/util/Map$Entry;)Lcom/google/common/collect/ImmutableMap; @ 157
Event: 707.619 Thread 0x0000000005188800 Uncommon trap: reason=array_check action=maybe_recompile pc=0x00000000064b5f34 method=com.google.common.collect.RegularImmutableMap.fromEntryArray(I[Ljava/util/Map$Entry;)Lcom/google/common/collect/ImmutableMap; @ 157
Event: 707.909 Thread 0x0000000005188800 Uncommon trap: reason=array_check action=maybe_recompile pc=0x00000000064b5f34 method=com.google.common.collect.RegularImmutableMap.fromEntryArray(I[Ljava/util/Map$Entry;)Lcom/google/common/collect/ImmutableMap; @ 157
Event: 707.930 Thread 0x0000000005188800 Uncommon trap: reason=array_check action=maybe_recompile pc=0x00000000064b5f34 method=com.google.common.collect.RegularImmutableMap.fromEntryArray(I[Ljava/util/Map$Entry;)Lcom/google/common/collect/ImmutableMap; @ 157
Event: 1339.315 Thread 0x000000002822c800 Uncommon trap: reason=unstable_if action=reinterpret pc=0x000000000638a4c0 method=java.lang.Integer.getChars(II[C)V @ 7
Event: 1339.322 Thread 0x000000002822c800 Uncommon trap: reason=unstable_if action=reinterpret pc=0x00000000055a0234 method=java.lang.Integer.getChars(II[C)V @ 7

Classes redefined (0 events):
No events

Internal exceptions (10 events):
Event: 753.203 Thread 0x0000000005188800 Exception <a 'java/net/SocketTimeoutException': Read timed out> (0x000000076d18c478) thrown at [C:\re\workspace\8-2-build-windows-amd64-cygwin\jdk8u181\11358\hotspot\src\share\vm\prims\jni.cpp, line 735]
Event: 755.085 Thread 0x0000000005188800 Exception <a 'java/net/SocketTimeoutException': Read timed out> (0x000000076d3d69b0) thrown at [C:\re\workspace\8-2-build-windows-amd64-cygwin\jdk8u181\11358\hotspot\src\share\vm\prims\jni.cpp, line 735]
Event: 755.095 Thread 0x0000000005188800 Exception <a 'java/net/SocketTimeoutException': Read timed out> (0x000000076d403128) thrown at [C:\re\workspace\8-2-build-windows-amd64-cygwin\jdk8u181\11358\hotspot\src\share\vm\prims\jni.cpp, line 735]
Event: 755.115 Thread 0x0000000005188800 Exception <a 'java/net/SocketTimeoutException': Read timed out> (0x000000076d41a618) thrown at [C:\re\workspace\8-2-build-windows-amd64-cygwin\jdk8u181\11358\hotspot\src\share\vm\prims\jni.cpp, line 735]
Event: 767.246 Thread 0x0000000005188800 Exception <a 'java/net/SocketTimeoutException': Read timed out> (0x000000076d437608) thrown at [C:\re\workspace\8-2-build-windows-amd64-cygwin\jdk8u181\11358\hotspot\src\share\vm\prims\jni.cpp, line 735]
Event: 1339.291 Thread 0x0000000005188800 Exception <a 'sun/net/ConnectionResetException': > (0x000000076d438080) thrown at [C:\re\workspace\8-2-build-windows-amd64-cygwin\jdk8u181\11358\hotspot\src\share\vm\prims\jni.cpp, line 735]
Event: 1339.296 Thread 0x0000000005188800 Exception <a 'sun/net/ConnectionResetException': > (0x000000076d438680) thrown at [C:\re\workspace\8-2-build-windows-amd64-cygwin\jdk8u181\11358\hotspot\src\share\vm\prims\jni.cpp, line 735]
Event: 1339.607 Thread 0x0000000005188800 Exception <a 'java/net/SocketException': No buffer space available (maximum connections reached?): connect> (0x000000076d46f050) thrown at [C:\re\workspace\8-2-build-windows-amd64-cygwin\jdk8u181\11358\hotspot\src\share\vm\prims\jni.cpp, line 735]
Event: 1339.614 Thread 0x0000000005188800 Exception <a 'java/net/SocketException': No buffer space available (maximum connections reached?): connect> (0x000000076d470a88) thrown at [C:\re\workspace\8-2-build-windows-amd64-cygwin\jdk8u181\11358\hotspot\src\share\vm\prims\jni.cpp, line 735]
Event: 1339.625 Thread 0x0000000005188800 Exception <a 'java/lang/reflect/InvocationTargetException'> (0x000000076d471f60) thrown at [C:\re\workspace\8-2-build-windows-amd64-cygwin\jdk8u181\11358\hotspot\src\share\vm\runtime\reflection.cpp, line 1092]

Events (10 events):
Event: 1339.504 loading class javax/net/ssl/SSLHandshakeException
Event: 1339.509 loading class javax/net/ssl/SSLHandshakeException done
Event: 1339.687 loading class java/lang/Throwable$WrappedPrintWriter
Event: 1339.691 loading class java/lang/Throwable$WrappedPrintWriter done
Event: 1339.693 loading class java/util/IdentityHashMap$KeySet
Event: 1339.699 loading class java/util/IdentityHashMap$KeySet done
Event: 1339.862 loading class com/aventstack/extentreports/model/ExceptionInfo
Event: 1339.862 loading class com/aventstack/extentreports/model/ExceptionInfo done
Event: 1339.878 loading class com/aventstack/extentreports/utils/ExceptionUtil
Event: 1339.878 loading class com/aventstack/extentreports/utils/ExceptionUtil done


Dynamic libraries:
0x00007ff6ebb40000 - 0x00007ff6ebb77000 	C:\Program Files\Java\jre1.8.0_181\bin\javaw.exe
0x00007ff977ec0000 - 0x00007ff9780a0000 	C:\windows\SYSTEM32\ntdll.dll
0x00007ff977700000 - 0x00007ff9777ae000 	C:\windows\System32\KERNEL32.DLL
0x00007ff9744c0000 - 0x00007ff974726000 	C:\windows\System32\KERNELBASE.dll
0x00007ff9753f0000 - 0x00007ff975491000 	C:\windows\System32\ADVAPI32.dll
0x00007ff976a50000 - 0x00007ff976aed000 	C:\windows\System32\msvcrt.dll
0x00007ff977670000 - 0x00007ff9776cb000 	C:\windows\System32\sechost.dll
0x00007ff977140000 - 0x00007ff97725f000 	C:\windows\System32\RPCRT4.dll
0x00007ff9772d0000 - 0x00007ff97745f000 	C:\windows\System32\USER32.dll
0x00007ff9747b0000 - 0x00007ff9747d0000 	C:\windows\System32\win32u.dll
0x00007ff9776d0000 - 0x00007ff9776f8000 	C:\windows\System32\GDI32.dll
0x00007ff9751f0000 - 0x00007ff975383000 	C:\windows\System32\gdi32full.dll
0x00007ff974420000 - 0x00007ff9744bb000 	C:\windows\System32\msvcp_win.dll
0x00007ff974320000 - 0x00007ff974415000 	C:\windows\System32\ucrtbase.dll
0x00007ff962bc0000 - 0x00007ff962e29000 	C:\windows\WinSxS\amd64_microsoft.windows.common-controls_6595b64144ccf1df_6.0.16299.904_none_15cadeb69362db48\COMCTL32.dll
0x00007ff976e30000 - 0x00007ff977136000 	C:\windows\System32\combase.dll
0x00007ff974730000 - 0x00007ff9747a2000 	C:\windows\System32\bcryptPrimitives.dll
0x00007ff977530000 - 0x00007ff97755d000 	C:\windows\System32\IMM32.DLL
0x00007ff94a070000 - 0x00007ff94a11f000 	C:\Program Files\McAfee\Endpoint Security\Threat Prevention\Ips\EpMPApi.dll
0x00007ff9742c0000 - 0x00007ff974318000 	C:\windows\System32\WINTRUST.dll
0x00007ff9742a0000 - 0x00007ff9742b2000 	C:\windows\System32\MSASN1.dll
0x00007ff975020000 - 0x00007ff9751ee000 	C:\windows\System32\CRYPT32.dll
0x0000000051fb0000 - 0x0000000051fbc000 	C:\Program Files\McAfee\Endpoint Security\Threat Prevention\Ips\EpMPThe.dll
0x00000000516d0000 - 0x00000000517a2000 	C:\Program Files\Java\jre1.8.0_181\bin\msvcr100.dll
0x0000000050d90000 - 0x0000000051632000 	C:\Program Files\Java\jre1.8.0_181\bin\server\jvm.dll
0x00007ff977460000 - 0x00007ff977468000 	C:\windows\System32\PSAPI.DLL
0x00007ff961ca0000 - 0x00007ff961ca9000 	C:\windows\SYSTEM32\WSOCK32.dll
0x00007ff96d7c0000 - 0x00007ff96d7e3000 	C:\windows\SYSTEM32\WINMM.dll
0x00007ff9734b0000 - 0x00007ff9734ba000 	C:\windows\SYSTEM32\VERSION.dll
0x00007ff977260000 - 0x00007ff9772cc000 	C:\windows\System32\WS2_32.dll
0x00007ff96d770000 - 0x00007ff96d79a000 	C:\windows\SYSTEM32\WINMMBASE.dll
0x00007ff974f20000 - 0x00007ff974f6a000 	C:\windows\System32\cfgmgr32.dll
0x0000000050d80000 - 0x0000000050d8f000 	C:\Program Files\Java\jre1.8.0_181\bin\verify.dll
0x0000000050d50000 - 0x0000000050d79000 	C:\Program Files\Java\jre1.8.0_181\bin\java.dll
0x0000000050d30000 - 0x0000000050d46000 	C:\Program Files\Java\jre1.8.0_181\bin\zip.dll
0x00007ff9754a0000 - 0x00007ff9768d8000 	C:\windows\System32\SHELL32.dll
0x00007ff977470000 - 0x00007ff977516000 	C:\windows\System32\shcore.dll
0x00007ff9747d0000 - 0x00007ff974f17000 	C:\windows\System32\windows.storage.dll
0x00007ff977840000 - 0x00007ff977891000 	C:\windows\System32\shlwapi.dll
0x00007ff974230000 - 0x00007ff974241000 	C:\windows\System32\kernel.appcore.dll
0x00007ff974250000 - 0x00007ff97429c000 	C:\windows\System32\powrprof.dll
0x00007ff974210000 - 0x00007ff97422b000 	C:\windows\System32\profapi.dll
0x0000000050d10000 - 0x0000000050d2a000 	C:\Program Files\Java\jre1.8.0_181\bin\net.dll
0x00007ff973aa0000 - 0x00007ff973b06000 	C:\windows\system32\mswsock.dll
0x00007ff973870000 - 0x00007ff973926000 	C:\windows\SYSTEM32\DNSAPI.dll
0x00007ff977520000 - 0x00007ff977528000 	C:\windows\System32\NSI.dll
0x00007ff973830000 - 0x00007ff973869000 	C:\windows\SYSTEM32\IPHLPAPI.DLL
0x00007ff96b520000 - 0x00007ff96b52a000 	C:\Windows\System32\rasadhlp.dll
0x00007ff96f030000 - 0x00007ff96f0a0000 	C:\windows\System32\fwpuclnt.dll
0x00007ff973d70000 - 0x00007ff973d95000 	C:\windows\SYSTEM32\bcrypt.dll
0x00007ff973c60000 - 0x00007ff973c77000 	C:\windows\SYSTEM32\CRYPTSP.dll
0x00007ff9736a0000 - 0x00007ff9736d3000 	C:\windows\system32\rsaenh.dll
0x00007ff974140000 - 0x00007ff974169000 	C:\windows\SYSTEM32\USERENV.dll
0x00007ff973c80000 - 0x00007ff973c8b000 	C:\windows\SYSTEM32\CRYPTBASE.dll
0x00007ff96e8b0000 - 0x00007ff96e8c6000 	C:\windows\SYSTEM32\dhcpcsvc6.DLL
0x00007ff96e840000 - 0x00007ff96e85a000 	C:\windows\SYSTEM32\dhcpcsvc.DLL
0x0000000050cf0000 - 0x0000000050d01000 	C:\Program Files\Java\jre1.8.0_181\bin\nio.dll
0x00000000517d0000 - 0x00000000517f4000 	C:\Program Files\Java\jre1.8.0_181\bin\sunec.dll
0x00000000517b0000 - 0x00000000517bb000 	C:\Program Files\Java\jre1.8.0_181\bin\sunmscapi.dll
0x00007ff956000000 - 0x00007ff956016000 	C:\windows\system32\napinsp.dll
0x00007ff955e80000 - 0x00007ff955e9a000 	C:\windows\system32\pnrpnsp.dll
0x00007ff9712e0000 - 0x00007ff9712f8000 	C:\windows\system32\NLAapi.dll
0x00007ff955e70000 - 0x00007ff955e7e000 	C:\windows\System32\winrnr.dll
0x00007ff96d630000 - 0x00007ff96d645000 	C:\windows\System32\wshbth.dll

VM Arguments:
jvm_args: -ea -Dfile.encoding=Cp1252 
java_command: org.testng.remote.RemoteTestNG -serport 57775 -protocol json -d C:\TestAutomation\CucumberFramework\test-output C:\Users\52027063\AppData\Local\Temp\testng-eclipse-1794493358\testng-customsuite.xml
java_class_path (initial): C:\Eclipse\configuration\org.eclipse.osgi\1016\0\.cp\lib\testng-remote.jar;C:\Program Files\Java\jre1.8.0_181\lib\resources.jar;C:\Program Files\Java\jre1.8.0_181\lib\rt.jar;C:\Program Files\Java\jre1.8.0_181\lib\jsse.jar;C:\Program Files\Java\jre1.8.0_181\lib\jce.jar;C:\Program Files\Java\jre1.8.0_181\lib\charsets.jar;C:\Program Files\Java\jre1.8.0_181\lib\jfr.jar;C:\Program Files\Java\jre1.8.0_181\lib\ext\access-bridge-64.jar;C:\Program Files\Java\jre1.8.0_181\lib\ext\cldrdata.jar;C:\Program Files\Java\jre1.8.0_181\lib\ext\dnsns.jar;C:\Program Files\Java\jre1.8.0_181\lib\ext\jaccess.jar;C:\Program Files\Java\jre1.8.0_181\lib\ext\jfxrt.jar;C:\Program Files\Java\jre1.8.0_181\lib\ext\localedata.jar;C:\Program Files\Java\jre1.8.0_181\lib\ext\nashorn.jar;C:\Program Files\Java\jre1.8.0_181\lib\ext\sunec.jar;C:\Program Files\Java\jre1.8.0_181\lib\ext\sunjce_provider.jar;C:\Program Files\Java\jre1.8.0_181\lib\ext\sunmscapi.jar;C:\Program Files\Java\jre1.8.0_181\lib\ext\sunpkcs11.jar;C:\Program Files\Java\jre1.8.0_181\lib\ext\zipfs.jar;C:\TestAutomation\CucumberFramework\target\test-classes;C:\TestAutomation\CucumberFramework\target\classes;C:\Users\52027063\.m2\repository;C:\Users\52027063\.m2\repository\org\testng\testng\6.9.4\testng-6.9.4.jar;C:\Users\52027063\.m2\repository\org\beanshell\bsh\2.0b4\bsh-2.0b4.jar;C:\Users\52027063\.m2\repository\com\beust\jcommander\1.48\jcommander-1.48.jar;C:\Users\52027063\.m2\repository\junit\junit\4.12\junit-4.12.jar;C:\Users\52027063\.m2\repository\org\hamcrest\hamcrest-core\1.3\hamcrest-core-1.3.jar;C:\Users\52027063\.m2\repository\info\cukes\cucumber-junit\1.2.5\cucumber-junit-1.2.5.jar;C:\Users\52027063\.m2\repository\info\cukes\cucumber-core\1.2.5\cucumber-core-1.2.5.jar;C:\Users\52027063\.m2\repository\info\cukes\cucumber-html\0.2.3\cucumber-html-0.2.3.jar;C:\Users\52027063\.m2\repository\info\cukes\cucumber-java\1.2.5\cucumber-java-1.2.5.jar;C:\Users\52027063\.m2\repository\info\cukes\cucumber-jvm-
Launcher Type: SUN_STANDARD

Environment Variables:
PATH=C:/Program Files/Java/jre1.8.0_181/bin/server;C:/Program Files/Java/jre1.8.0_181/bin;C:/Program Files/Java/jre1.8.0_181/lib/amd64;c:\program files (x86)\smartbear\testcomplete 11\x64\bin;C:\Program Files (x86)\Common Files\Oracle\Java\javapath;C:\ProgramData\Anaconda3;C:\ProgramData\Anaconda3\Library\mingw-w64\bin;C:\ProgramData\Anaconda3\Library\usr\bin;C:\ProgramData\Anaconda3\Library\bin;C:\ProgramData\Anaconda3\Scripts;C:\ProgramData\Miniconda3;C:\ProgramData\Miniconda3\Library\mingw-w64\bin;C:\Users\52027063\AppData\Local\Android\Sdk\tools;C:\Program Files\nodejs\node_modules\npm\bin;C:\Users\52027063\AppData\Local\Android\Sdk\platform-tools;C:\windows\system32;C:\windows;C:\windows\System32\Wbem;C:\windows\System32\WindowsPowerShell\v1.0\;C:\ProgramData\Anaconda3;C:\Program Files\Microsoft SQL Server\Client SDK\ODBC\130\Tools\Binn\;C:\Program Files (x86)\Microsoft SQL Server\140\Tools\Binn\;C:\Program Files\Microsoft SQL Server\140\Tools\Binn\;C:\Program Files\Microsoft SQL Server\140\DTS\Binn\;C:\Program Files (x86)\Microsoft SQL Server\Client SDK\ODBC\130\Tools\Binn\;C:\Program Files (x86)\Microsoft SQL Server\140\DTS\Binn\;C:\Program Files (x86)\Microsoft SQL Server\140\Tools\Binn\ManagementStudio\;D:\TestAutomation\apache-maven-3.5.4\bin;C:\Users\52027063\AppData\Local\Android\Sdk\tools\bin;C:\Program Files\Android\Android Studio\bin;C:\Program Files\nodejs\;"C:\Users\52027063\AppData\Local\Microsoft\WindowsApps;";D:\TestAutomation\apache-maven-3.5.4\bin;C:\Program Files\Java\jdk1.8.0_181\bin;C:\Program Files\Java\jre1.8.0_181\bin;C:\Users\52027063\AppData\Local\Android\Sdk\platform-tools;C:\Users\52027063\AppData\Local\Android\Sdk\emulator;C:\Users\52027063\AppData\Roaming\npm;C:\Program Files\nodejs\node_modules\npm\bin;;C:\Eclipse;
USERNAME=52027063
OS=Windows_NT
PROCESSOR_IDENTIFIER=Intel64 Family 6 Model 142 Stepping 10, GenuineIntel



---------------  S Y S T E M  ---------------

OS: Windows 10.0 , 64 bit Build 16299 (10.0.16299.431)

CPU:total 8 (initial active 8) (4 cores per cpu, 2 threads per core) family 6 model 142 stepping 10, cmov, cx8, fxsr, mmx, sse, sse2, sse3, ssse3, sse4.1, sse4.2, popcnt, avx, avx2, aes, clmul, erms, 3dnowpref, lzcnt, ht, tsc, tscinvbit, bmi1, bmi2, adx

Memory: 4k page, physical 16669380k(427520k free), swap 34733760k(0k free)

vm_info: Java HotSpot(TM) 64-Bit Server VM (25.181-b13) for windows-amd64 JRE (1.8.0_181-b13), built on Jul  7 2018 04:01:33 by "java_re" with MS VC++ 10.0 (VS2010)

time: Thu Feb 21 13:25:51 2019
elapsed time: 1339 seconds (0d 0h 22m 19s)

